<?xml version="1.0" encoding="UTF-8"?>
<!-- Generated by org.testng.reporters.JUnitReportReporter -->
<testsuite name="com.test.proposify.Editor_shapes_TestCases" tests="10" time="419.924" ignored="0" failures="0" timestamp="10 Aug 2018 14:56:13 GMT" skipped="0" hostname="LAPTOP-CH7BT7R0" errors="0">
  <testcase name="verifytheDeleteofShapeArea" time="42.155" classname="com.test.proposify.Editor_shapes_TestCases"/>
  <testcase name="verifyShapeWidthProperty" time="40.980" classname="com.test.proposify.Editor_shapes_TestCases"/>
  <testcase name="verifytheOpacityProperty" time="34.054" classname="com.test.proposify.Editor_shapes_TestCases"/>
  <testcase name="verifytheDuplicateofShapeArea" time="36.571" classname="com.test.proposify.Editor_shapes_TestCases"/>
  <testcase name="verifydeleteofOrginalShapeAreaElementafterduplicate" time="68.897" classname="com.test.proposify.Editor_shapes_TestCases"/>
  <testcase name="verifyBorderhasbeenAddedtoShape" time="49.178" classname="com.test.proposify.Editor_shapes_TestCases"/>
  <testcase name="verifyShapeHeightProperty" time="41.869" classname="com.test.proposify.Editor_shapes_TestCases"/>
  <testcase name="verifyShpaeBoxRotateProperty" time="35.777" classname="com.test.proposify.Editor_shapes_TestCases"/>
  <testcase name="verifyShapeDragandDrop" time="33.653" classname="com.test.proposify.Editor_shapes_TestCases"/>
  <testcase name="verifyShapeCornersProperty" time="36.790" classname="com.test.proposify.Editor_shapes_TestCases"/>
</testsuite> <!-- com.test.proposify.Editor_shapes_TestCases -->
