<?xml version="1.0" encoding="UTF-8"?>
<!-- Generated by org.testng.reporters.JUnitReportReporter -->
<testsuite name="com.test.proposify.UnitTestClass" tests="1" time="18.211" ignored="1" failures="0" timestamp="26 Oct 2018 17:23:22 GMT" skipped="0" hostname="LAPTOP-CH7BT7R0" errors="0">
  <testcase name="verifyDuplicateSectionRename" time="18.211" classname="com.test.proposify.UnitTestClass"/>
  <testcase name="verifytherowcolorChanges1" classname="com.test.proposify.UnitTestClass">
    <skipped/>
  </testcase> <!-- verifytherowcolorChanges1 -->
</testsuite> <!-- com.test.proposify.UnitTestClass -->
