<?xml version="1.0" encoding="UTF-8"?>
<!-- Generated by org.testng.reporters.JUnitReportReporter -->
<testsuite name="com.test.proposify.CreateAndarchieve_proposal" tests="2" time="62.769" ignored="0" failures="0" timestamp="24 Oct 2018 18:42:39 GMT" skipped="1" hostname="LAPTOP-CH7BT7R0" errors="0">
  <testcase name="verifyContentWritten" time="34.220" classname="com.test.proposify.CreateAndarchieve_proposal">
    <skipped/>
  </testcase> <!-- verifyContentWritten -->
  <testcase name="verifyContentWritten" time="28.549" classname="com.test.proposify.CreateAndarchieve_proposal"/>
</testsuite> <!-- com.test.proposify.CreateAndarchieve_proposal -->
